
ROM used:   774 (2%)
            774 (2%) including unused fragments

            0 Average locations per line
            2 Average locations per statement

RAM used:   51 (3%) at main() level
            55 (4%) worst case

Stack used: 3/31 worst case (2 in main + 1 for interrupts)

Lines Stmts  %   Files
----- ----- ---  -----
  197    93  21  main.c
   13     0   0  main.h
  420     0   0  ..\..\..\..\..\Program Files\PICC\devices\18F458.h
  423     0   0  ..\..\..\..\..\Program Files\PICC\drivers\string.h
   32     0   0  ..\..\..\..\..\Program Files\PICC\drivers\stddef.h
   28     0   0  ..\..\..\..\..\Program Files\PICC\drivers\ctype.h
 1351   359  79  ..\..\..\..\..\Program Files\PICC\drivers\stdlib.h
----- -----
 2464   452 Total

Page ROM  %  RAM   Vol Diff  Functions:
---- --- --- ---   --- ----  ----------
0     38   2   1             @delay_ms1
0     14   1   0    24  1.5  RDA_isr
0      4   0   0     3  0.0  lectureTrame
0     84   5   1   149  1.3  johnson
0    186  12   1   423  1.4  compteur
0     42   3   1    67  1.2  clignotement
0     64   4   1   106  1.3  chenillard
0    172  11   0   706  3.8  MAIN
 Inline        0             @cinit1

Program metrics:
    Functions               7
    Statements              452
    Comments                622
    Volume (V)              2107
    Difficulty (D)          11.7
    Effort to implement (E) 24688
    Time to implement (T)   23 minutes
    Est Delivered Bugs (B)  0
    Cyclomatic Complexity   4
    Maintainability (MI)    118

 Segment     Used  Free
-----------  ----  ----
00000-00002     4  0  
00004-00006     4  0  
00008-000AC   166  0  
000AE-07FFE   600  31994  



